0 info it worked if it ends with ok
1 verbose cli [ '/usr/bin/nodejs', '/usr/bin/npm', 'run', 'build-dev:js' ]
2 info using npm@3.10.10
3 info using node@v6.9.5
4 verbose run-script [ 'prebuild-dev:js', 'build-dev:js', 'postbuild-dev:js' ]
5 info lifecycle workaway@0.0.1~prebuild-dev:js: workaway@0.0.1
6 silly lifecycle workaway@0.0.1~prebuild-dev:js: no script for prebuild-dev:js, continuing
7 info lifecycle workaway@0.0.1~build-dev:js: workaway@0.0.1
8 verbose lifecycle workaway@0.0.1~build-dev:js: unsafe-perm in lifecycle true
9 verbose lifecycle workaway@0.0.1~build-dev:js: PATH: /usr/lib/node_modules/npm/bin/node-gyp-bin:/home/vagrant/Code/js/next/workaway/node_modules/.bin:/home/vagrant/.composer/vendor/bin:/home/vagrant/bin:/home/vagrant/.local/bin:/usr/local/sbin:/usr/local/bin:/usr/sbin:/usr/bin:/sbin:/bin:/usr/games:/usr/local/games:/snap/bin
10 verbose lifecycle workaway@0.0.1~build-dev:js: CWD: /home/vagrant/Code/js/next/workaway
11 silly lifecycle workaway@0.0.1~build-dev:js: Args: [ '-c', 'node server/lib/server.js --exec babel' ]
12 silly lifecycle workaway@0.0.1~build-dev:js: Returned: code: 1  signal: null
13 info lifecycle workaway@0.0.1~build-dev:js: Failed to exec build-dev:js script
14 verbose stack Error: workaway@0.0.1 build-dev:js: `node server/lib/server.js --exec babel`
14 verbose stack Exit status 1
14 verbose stack     at EventEmitter.<anonymous> (/usr/lib/node_modules/npm/lib/utils/lifecycle.js:255:16)
14 verbose stack     at emitTwo (events.js:106:13)
14 verbose stack     at EventEmitter.emit (events.js:191:7)
14 verbose stack     at ChildProcess.<anonymous> (/usr/lib/node_modules/npm/lib/utils/spawn.js:40:14)
14 verbose stack     at emitTwo (events.js:106:13)
14 verbose stack     at ChildProcess.emit (events.js:191:7)
14 verbose stack     at maybeClose (internal/child_process.js:877:16)
14 verbose stack     at Process.ChildProcess._handle.onexit (internal/child_process.js:226:5)
15 verbose pkgid workaway@0.0.1
16 verbose cwd /home/vagrant/Code/js/next/workaway
17 error Linux 4.4.0-51-generic
18 error argv "/usr/bin/nodejs" "/usr/bin/npm" "run" "build-dev:js"
19 error node v6.9.5
20 error npm  v3.10.10
21 error code ELIFECYCLE
22 error workaway@0.0.1 build-dev:js: `node server/lib/server.js --exec babel`
22 error Exit status 1
23 error Failed at the workaway@0.0.1 build-dev:js script 'node server/lib/server.js --exec babel'.
23 error Make sure you have the latest version of node.js and npm installed.
23 error If you do, this is most likely a problem with the workaway package,
23 error not with npm itself.
23 error Tell the author that this fails on your system:
23 error     node server/lib/server.js --exec babel
23 error You can get information on how to open an issue for this project with:
23 error     npm bugs workaway
23 error Or if that isn't available, you can get their info via:
23 error     npm owner ls workaway
23 error There is likely additional logging output above.
24 verbose exit [ 1, true ]
